Operations to perform:
  Apply all migrations: admin, auth, contenttypes, sessions
Running migrations:
  No migrations to apply.
Operations to perform:
  Apply all migrations: admin, auth, contenttypes, sessions
Running migrations:
  No migrations to apply.
Operations to perform:
  Apply all migrations: admin, auth, contenttypes, sessions
Running migrations:
  No migrations to apply.
Operations to perform:
  Apply all migrations: admin, auth, contenttypes, sessions
Running migrations:
  No migrations to apply.
Watching for file changes with StatReloader
[26/Nov/2021 02:28:36] "GET /loto/ HTTP/1.1" 200 463
[26/Nov/2021 02:28:36] "GET /loto/ HTTP/1.1" 200 465
[26/Nov/2021 02:28:36] "GET /loto/ HTTP/1.1" 200 466
[26/Nov/2021 02:28:36] "GET /loto/ HTTP/1.1" 200 464
[26/Nov/2021 02:28:37] "GET /loto/ HTTP/1.1" 200 469
[26/Nov/2021 02:28:41] "GET /loto/ HTTP/1.1" 200 467
[26/Nov/2021 02:28:41] "GET /loto/ HTTP/1.1" 200 468
[26/Nov/2021 02:28:41] "GET /loto/ HTTP/1.1" 200 464
[26/Nov/2021 02:28:41] "GET /loto/ HTTP/1.1" 200 468
[26/Nov/2021 02:28:42] "GET /loto/ HTTP/1.1" 200 463
[26/Nov/2021 02:28:42] "GET /loto/ HTTP/1.1" 200 467
[26/Nov/2021 02:28:46] "GET /loto/ HTTP/1.1" 200 464
[26/Nov/2021 02:28:46] "GET /loto/ HTTP/1.1" 200 468
Not Found: /favicon.ico
[26/Nov/2021 02:28:46] "GET /favicon.ico HTTP/1.1" 404 2187
Not Found: /favicon.ico
[26/Nov/2021 02:28:47] "GET /favicon.ico HTTP/1.1" 404 2187
[26/Nov/2021 02:28:52] "GET /loto/ HTTP/1.1" 200 465
[26/Nov/2021 02:28:53] "GET /loto/ HTTP/1.1" 200 468
[26/Nov/2021 02:28:53] "GET /loto/ HTTP/1.1" 200 464
[26/Nov/2021 02:28:54] "GET /loto/ HTTP/1.1" 200 467
[26/Nov/2021 02:28:54] "GET /loto/ HTTP/1.1" 200 465
[26/Nov/2021 03:06:36] "GET /loto/ HTTP/1.1" 200 462
[26/Nov/2021 03:14:49] "GET /loto/ HTTP/1.1" 200 468
Not Found: /favicon.ico
[26/Nov/2021 03:14:50] "GET /favicon.ico HTTP/1.1" 404 2187
[26/Nov/2021 03:43:25] "GET /loto/ HTTP/1.1" 200 466
Not Found: /favicon.ico
[26/Nov/2021 03:43:25] "GET /favicon.ico HTTP/1.1" 404 2187
[01/Dec/2021 02:28:29] "GET /loto/ HTTP/1.1" 200 467
Not Found: /favicon.ico
[01/Dec/2021 02:28:29] "GET /favicon.ico HTTP/1.1" 404 2187
[01/Dec/2021 02:28:37] "GET /loto?seed_date=&refresh_btn=refresh HTTP/1.1" 301 0
[01/Dec/2021 02:28:37] "GET /loto/?seed_date=&refresh_btn=refresh HTTP/1.1" 200 466
[15/Dec/2021 02:19:35] "GET /loto/ HTTP/1.1" 200 466
Not Found: /favicon.ico
[15/Dec/2021 02:19:36] "GET /favicon.ico HTTP/1.1" 404 2187
[15/Dec/2021 02:19:41] "GET /loto?seed_date=&refresh_btn=refresh HTTP/1.1" 301 0
[15/Dec/2021 02:19:41] "GET /loto/?seed_date=&refresh_btn=refresh HTTP/1.1" 200 467
[21/Dec/2021 01:29:56] "GET /loto/ HTTP/1.1" 200 469
Not Found: /favicon.ico
[21/Dec/2021 01:29:56] "GET /favicon.ico HTTP/1.1" 404 2187
[21/Dec/2021 01:30:00] "GET /loto?seed_date=&refresh_btn=refresh HTTP/1.1" 301 0
[21/Dec/2021 01:30:00] "GET /loto/?seed_date=&refresh_btn=refresh HTTP/1.1" 200 470
[21/Dec/2021 01:30:04] "GET /loto/ HTTP/1.1" 200 465
Not Found: /favicon.ico
[21/Dec/2021 01:30:04] "GET /favicon.ico HTTP/1.1" 404 2187
[21/Dec/2021 01:30:09] "GET /loto?seed_date=&refresh_btn=refresh HTTP/1.1" 301 0
[21/Dec/2021 01:30:09] "GET /loto/?seed_date=&refresh_btn=refresh HTTP/1.1" 200 465
[21/Dec/2021 01:33:23] "GET /loto/?seed_date=&refresh_btn=refresh HTTP/1.1" 200 468
[28/Dec/2021 10:19:13] "GET /loto/ HTTP/1.1" 200 465
Not Found: /favicon.ico
[28/Dec/2021 10:19:14] "GET /favicon.ico HTTP/1.1" 404 2187
[28/Dec/2021 10:19:17] "GET /loto/ HTTP/1.1" 200 469
Not Found: /favicon.ico
[28/Dec/2021 10:19:17] "GET /favicon.ico HTTP/1.1" 404 2187
[28/Dec/2021 10:19:21] "GET /loto?seed_date=&refresh_btn=refresh HTTP/1.1" 301 0
[28/Dec/2021 10:19:21] "GET /loto/?seed_date=&refresh_btn=refresh HTTP/1.1" 200 464
[04/Jan/2022 02:36:58] "GET /loto/ HTTP/1.1" 200 465
Not Found: /favicon.ico
[04/Jan/2022 02:36:58] "GET /favicon.ico HTTP/1.1" 404 2187
[04/Jan/2022 02:37:07] "GET /loto?seed_date=&refresh_btn=refresh HTTP/1.1" 301 0
[04/Jan/2022 02:37:07] "GET /loto/?seed_date=&refresh_btn=refresh HTTP/1.1" 200 465
Operations to perform:
  Apply all migrations: admin, auth, contenttypes, sessions
Running migrations:
  No migrations to apply.
Operations to perform:
  Apply all migrations: admin, auth, contenttypes, sessions
Running migrations:
  No migrations to apply.
Operations to perform:
  Apply all migrations: admin, auth, contenttypes, sessions
Running migrations:
  No migrations to apply.
Operations to perform:
  Apply all migrations: admin, auth, contenttypes, sessions
Running migrations:
  No migrations to apply.
Operations to perform:
  Apply all migrations: admin, auth, contenttypes, sessions
Running migrations:
  No migrations to apply.
Operations to perform:
  Apply all migrations: admin, auth, contenttypes, sessions
Running migrations:
  No migrations to apply.
Operations to perform:
  Apply all migrations: admin, auth, contenttypes, sessions
Running migrations:
  No migrations to apply.
Operations to perform:
  Apply all migrations: admin, auth, contenttypes, sessions
Running migrations:
  No migrations to apply.
